0 verbose cli [
0 verbose cli   'C:\\Program Files\\nodejs\\node.exe',
0 verbose cli   'C:\\Users\\BELDORE TECHNOLOGIES\\AppData\\Roaming\\npm\\node_modules\\npm\\bin\\npm-cli.js',
0 verbose cli   'exec',
0 verbose cli   '--',
0 verbose cli   'apollo',
0 verbose cli   'service:download',
0 verbose cli   '--endpoint=https://anilist.co/graphql',
0 verbose cli   './src/app/graphql/graphql-schema.json'
0 verbose cli ]
1 info using npm@8.3.1
2 info using node@v16.13.1
3 timing npm:load:whichnode Completed in 1ms
4 timing config:load:defaults Completed in 2ms
5 timing config:load:file:C:\Users\BELDORE TECHNOLOGIES\AppData\Roaming\npm\node_modules\npm\npmrc Completed in 5ms
6 timing config:load:builtin Completed in 5ms
7 timing config:load:cli Completed in 2ms
8 timing config:load:env Completed in 2ms
9 timing config:load:file:C:\Users\BELDORE TECHNOLOGIES\Documents\dev learning\state-manage\.npmrc Completed in 1ms
10 timing config:load:project Completed in 2ms
11 timing config:load:file:C:\Users\BELDORE TECHNOLOGIES\.npmrc Completed in 1ms
12 timing config:load:user Completed in 1ms
13 timing config:load:file:C:\Users\BELDORE TECHNOLOGIES\AppData\Roaming\npm\etc\npmrc Completed in 1ms
14 timing config:load:global Completed in 1ms
15 timing config:load:validate Completed in 2ms
16 timing config:load:credentials Completed in 1ms
17 timing config:load:setEnvs Completed in 1ms
18 timing config:load Completed in 20ms
19 timing npm:load:configload Completed in 21ms
20 timing npm:load:setTitle Completed in 0ms
21 timing config:load:flatten Completed in 4ms
22 timing npm:load:display Completed in 6ms
23 verbose logfile C:\Users\BELDORE TECHNOLOGIES\Documents\dev learning\state-manage\tmpnodejsnpm-cache\_logs\2022-01-24T18_57_31_742Z-debug-0.log
24 timing npm:load:logFile Completed in 18ms
25 timing npm:load:timers Completed in 0ms
26 timing npm:load:configScope Completed in 1ms
27 timing npm:load Completed in 48ms
28 silly logfile start cleaning logs, removing 1 files
29 timing command:exec Completed in 5092ms
30 verbose exit 0
31 timing npm Completed in 5838ms
32 info ok
